<?xml version="1.0" encoding="UTF-8"?>
<!-- Generated by org.testng.reporters.JUnitReportReporter -->
<testsuite hostname="SRIKJ-M-Q0BU" name="com.cisco.shapes.test.RhombusTest" tests="3" failures="0" timestamp="19 Aug 2014 06:13:07 GMT" time="0.018" errors="0">
  <testcase name="rhombusAreaWithBaseAndHeight" time="0.000" classname="com.cisco.shapes.test.RhombusTest"/>
  <testcase name="rhombusAreaWithBaseAndAngle" time="0.017" classname="com.cisco.shapes.test.RhombusTest"/>
  <testcase name="rhombusAreaWithDiagonals" time="0.001" classname="com.cisco.shapes.test.RhombusTest"/>
</testsuite> <!-- com.cisco.shapes.test.RhombusTest -->
